Build started 21/2/2562 12:17:22.
     1>Project "E:\vc\in\in\Inject Win32.vcxproj" on node 2 (rebuild target(s)).
       Project file contains ToolsVersion="12.0". This toolset may be unknown or missing, in which case you may be able to resolve this by installing the appropriate version of MSBuild, or the build may have been forced to a particular ToolsVersion for policy reasons. Treating the project as if it had ToolsVersion="4.0". For more information, please see http://go.microsoft.com/fwlink/?LinkId=291333.
     1>_PrepareForClean:
         Deleting file "Release\Inject Win32.lastbuildstate".
       InitializeBuildStatus:
         Touching "Release\Inject Win32.unsuccessfulbuild".
       ClCompile:
         E:\Microsoft Visual Studio 10.0\VC\bin\CL.exe /c /Zi /nologo /W3 /WX- /O2 /Oi /Oy- /GL /D WIN32 /D NDEBUG /D _WINDOWS /D _CRT_SECURE_NO_WARNINGS /D _MBCS /Gm- /EHsc /MD /GS /Gy /fp:precise /Zc:wchar_t /Zc:forScope /Fo"Release\\" /Fd"Release\vc100.pdb" /Gd /TP /analyze- /errorReport:prompt Source.cpp
         Source.cpp
     1>e:\vc\in\in\Header.h(120): warning C4800: 'BOOL' : forcing value to bool 'true' or 'false' (performance warning)
       ResourceCompile:
         C:\Program Files (x86)\Microsoft SDKs\Windows\v7.0A\bin\rc.exe /l"0x0409" /nologo /fo"Release\Inject Win32.res" "Inject Win32.rc" 
       Link:
         E:\Microsoft Visual Studio 10.0\VC\bin\link.exe /ERRORREPORT:PROMPT /OUT:"E:\vc\in\in\Release\Inject Win32.exe" /INCREMENTAL:NO /NOLOGO kernel32.lib user32.lib gdi32.lib winspool.lib comdlg32.lib advapi32.lib shell32.lib ole32.lib oleaut32.lib uuid.lib odbc32.lib odbccp32.lib /MANIFEST /ManifestFile:"Release\Inject Win32.exe.intermediate.manifest" /MANIFESTUAC:"level='asInvoker' uiAccess='false'" /DEBUG /PDB:"E:\vc\in\in\Release\Inject Win32.pdb" /SUBSYSTEM:WINDOWS /OPT:REF /OPT:ICF /LTCG /TLBID:1 /DYNAMICBASE /NXCOMPAT /IMPLIB:"E:\vc\in\in\Release\Inject Win32.lib" /MACHINE:X86 "Release\Inject Win32.res"
         Release\Source.obj
         Generating code
         Finished generating code
         Inject Win32.vcxproj -> E:\vc\in\in\Release\Inject Win32.exe
       Manifest:
         C:\Program Files (x86)\Microsoft SDKs\Windows\v7.0A\bin\mt.exe /nologo /verbose /outputresource:"E:\vc\in\in\Release\Inject Win32.exe;#1" /manifest "Release\Inject Win32.exe.intermediate.manifest"
       FinalizeBuildStatus:
         Deleting file "Release\Inject Win32.unsuccessfulbuild".
         Touching "Release\Inject Win32.lastbuildstate".
     1>Done Building Project "E:\vc\in\in\Inject Win32.vcxproj" (rebuild target(s)).

Build succeeded.

Time Elapsed 00:00:01.97
