E:\vc\in\in\Release\cl.command.1.tlog
E:\vc\in\in\Release\CL.read.1.tlog
E:\vc\in\in\Release\CL.write.1.tlog
E:\VC\IN\IN\RELEASE\INJECT WIN32.EXE
E:\VC\IN\IN\RELEASE\INJECT WIN32.EXE.INTERMEDIATE.MANIFEST
E:\VC\IN\IN\RELEASE\INJECT WIN32.PDB
E:\VC\IN\IN\RELEASE\INJECT WIN32.RES
E:\vc\in\in\Release\Inject Win32.vcxprojResolveAssemblyReference.cache
E:\vc\in\in\Release\Inject Win32.write.1.tlog
E:\vc\in\in\Release\link.command.1.tlog
E:\vc\in\in\Release\link.read.1.tlog
E:\vc\in\in\Release\link.write.1.tlog
E:\vc\in\in\Release\link-cvtres.read.1.tlog
E:\vc\in\in\Release\link-cvtres.write.1.tlog
E:\vc\in\in\Release\mt.command.1.tlog
E:\vc\in\in\Release\mt.read.1.tlog
E:\vc\in\in\Release\mt.write.1.tlog
E:\vc\in\in\Release\rc.command.1.tlog
E:\vc\in\in\Release\rc.read.1.tlog
E:\vc\in\in\Release\rc.write.1.tlog
E:\VC\IN\IN\RELEASE\SOURCE.OBJ
E:\VC\IN\IN\RELEASE\VC100.PDB
